{"/Users/lilonglong/github/wheels/src/components/ReduxStore/store.ts": {"path":"/Users/lilonglong/github/wheels/src/components/ReduxStore/store.ts","statementMap":{"0":{"start":{"line":1,"column":0},"end":{"line":1,"column":67}},"1":{"start":{"line":2,"column":0},"end":{"line":2,"column":52}},"2":{"start":{"line":3,"column":0},"end":{"line":3,"column":46}},"3":{"start":{"line":5,"column":17},"end":{"line":8,"column":2}},"4":{"start":{"line":9,"column":0},"end":{"line":11,"column":3}}},"fnMap":{},"branchMap":{},"s":{"0":0,"1":0,"2":0,"3":0,"4":0},"f":{},"b":{}}
,"/Users/lilonglong/github/wheels/src/components/ReduxStore/counter/CounterSlice.ts": {"path":"/Users/lilonglong/github/wheels/src/components/ReduxStore/counter/CounterSlice.ts","statementMap":{"0":{"start":{"line":1,"column":0},"end":{"line":1,"column":47}},"1":{"start":{"line":3,"column":13},"end":{"line":22,"column":3}},"2":{"start":{"line":10,"column":6},"end":{"line":10,"column":23}},"3":{"start":{"line":13,"column":6},"end":{"line":13,"column":23}},"4":{"start":{"line":16,"column":6},"end":{"line":16,"column":36}},"5":{"start":{"line":19,"column":6},"end":{"line":19,"column":36}},"6":{"start":{"line":28,"column":30},"end":{"line":32,"column":1}},"7":{"start":{"line":28,"column":50},"end":{"line":32,"column":1}},"8":{"start":{"line":29,"column":2},"end":{"line":31,"column":11}},"9":{"start":{"line":30,"column":4},"end":{"line":30,"column":40}},"10":{"start":{"line":28,"column":13},"end":{"line":28,"column":30}},"11":{"start":{"line":45,"column":29},"end":{"line":60,"column":1}},"12":{"start":{"line":46,"column":18},"end":{"line":48,"column":4}},"13":{"start":{"line":47,"column":45},"end":{"line":47,"column":59}},"14":{"start":{"line":50,"column":2},"end":{"line":59,"column":null}},"15":{"start":{"line":50,"column":48},"end":{"line":59,"column":null}},"16":{"start":{"line":51,"column":4},"end":{"line":58,"column":null}},"17":{"start":{"line":53,"column":19},"end":{"line":53,"column":50}},"18":{"start":{"line":55,"column":6},"end":{"line":55,"column":null}},"19":{"start":{"line":45,"column":13},"end":{"line":45,"column":29}},"20":{"start":{"line":62,"column":13},"end":{"line":62,"column":71}},"21":{"start":{"line":64,"column":0},"end":{"line":64,"column":37}}},"fnMap":{"0":{"name":"(anonymous_7)","decl":{"start":{"line":9,"column":15},"end":{"line":9,"column":16}},"loc":{"start":{"line":9,"column":25},"end":{"line":11,"column":5}}},"1":{"name":"(anonymous_8)","decl":{"start":{"line":12,"column":15},"end":{"line":12,"column":16}},"loc":{"start":{"line":12,"column":25},"end":{"line":14,"column":5}}},"2":{"name":"(anonymous_9)","decl":{"start":{"line":15,"column":23},"end":{"line":15,"column":24}},"loc":{"start":{"line":15,"column":41},"end":{"line":17,"column":5}}},"3":{"name":"(anonymous_10)","decl":{"start":{"line":18,"column":16},"end":{"line":18,"column":17}},"loc":{"start":{"line":18,"column":34},"end":{"line":20,"column":5}}},"4":{"name":"(anonymous_11)","decl":{"start":{"line":28,"column":30},"end":{"line":28,"column":31}},"loc":{"start":{"line":28,"column":50},"end":{"line":32,"column":1}}},"5":{"name":"(anonymous_12)","decl":{"start":{"line":28,"column":50},"end":{"line":28,"column":51}},"loc":{"start":{"line":28,"column":68},"end":{"line":32,"column":1}}},"6":{"name":"(anonymous_13)","decl":{"start":{"line":29,"column":13},"end":{"line":29,"column":16}},"loc":{"start":{"line":29,"column":18},"end":{"line":31,"column":3}}},"7":{"name":"(anonymous_14)","decl":{"start":{"line":45,"column":29},"end":{"line":45,"column":30}},"loc":{"start":{"line":45,"column":57},"end":{"line":60,"column":1}}},"8":{"name":"(anonymous_15)","decl":{"start":{"line":47,"column":15},"end":{"line":47,"column":16}},"loc":{"start":{"line":47,"column":43},"end":{"line":47,"column":60}}},"9":{"name":"(anonymous_16)","decl":{"start":{"line":50,"column":9},"end":{"line":50,"column":16}},"loc":{"start":{"line":50,"column":48},"end":{"line":59,"column":null}}},"10":{"name":"(anonymous_17)","decl":{"start":{"line":50,"column":48},"end":{"line":50,"column":null}},"loc":{"start":{"line":50,"column":48},"end":{"line":59,"column":3}}}},"branchMap":{},"s":{"0":0,"1":0,"2":0,"3":0,"4":0,"5":0,"6":0,"7":0,"8":0,"9":0,"10":0,"11":0,"12":0,"13":0,"14":0,"15":0,"16":0,"17":0,"18":0,"19":0,"20":0,"21":0},"f":{"0":0,"1":0,"2":0,"3":0,"4":0,"5":0,"6":0,"7":0,"8":0,"9":0,"10":0},"b":{}}
}
