TN:
SF:src/components/ReduxStore/store.ts
FNF:0
FNH:0
DA:1,0
DA:2,0
DA:3,0
DA:5,0
DA:9,0
LF:5
LH:0
BRF:0
BRH:0
end_of_record
TN:
SF:src/components/ReduxStore/counter/CounterSlice.ts
FN:9,(anonymous_7)
FN:12,(anonymous_8)
FN:15,(anonymous_9)
FN:18,(anonymous_10)
FN:28,(anonymous_11)
FN:28,(anonymous_12)
FN:29,(anonymous_13)
FN:45,(anonymous_14)
FN:47,(anonymous_15)
FN:50,(anonymous_16)
FN:50,(anonymous_17)
FNF:11
FNH:0
FNDA:0,(anonymous_7)
FNDA:0,(anonymous_8)
FNDA:0,(anonymous_9)
FNDA:0,(anonymous_10)
FNDA:0,(anonymous_11)
FNDA:0,(anonymous_12)
FNDA:0,(anonymous_13)
FNDA:0,(anonymous_14)
FNDA:0,(anonymous_15)
FNDA:0,(anonymous_16)
FNDA:0,(anonymous_17)
DA:1,0
DA:3,0
DA:10,0
DA:13,0
DA:16,0
DA:19,0
DA:28,0
DA:29,0
DA:30,0
DA:45,0
DA:46,0
DA:47,0
DA:50,0
DA:51,0
DA:53,0
DA:55,0
DA:62,0
DA:64,0
LF:18
LH:0
BRF:0
BRH:0
end_of_record
